<?xml version="1.0" encoding="UTF-8"?>
<!-- Generated by org.testng.reporters.JUnitReportReporter -->
<testsuite hostname="CL-NB-650" failures="0" tests="3" name="tests.CasosDePrueba" time="26.068" errors="0" timestamp="09 sep. 2021 20:59:37 GMT" skipped="0">
  <testcase classname="tests.CasosDePrueba" name="CP003" time="2.062"/>
  <testcase classname="tests.CasosDePrueba" name="CP001_FlujoPostulacion_Paso2_ComunaOK" time="14.180"/>
  <testcase classname="tests.CasosDePrueba" name="CP002" time="9.826"/>
</testsuite> <!-- tests.CasosDePrueba -->
